Determining if the pthread_create exist failed with the following output:
Change Dir: /home/tianyec/Documents/6.835/final_project/jank_mario/uMario_Jakowski/CMakeFiles/CMakeTmp

Run Build Command:"/usr/bin/make" "cmTC_1c948/fast"
/usr/bin/make -f CMakeFiles/cmTC_1c948.dir/build.make CMakeFiles/cmTC_1c948.dir/build
make[1]: Entering directory '/home/tianyec/Documents/6.835/final_project/jank_mario/uMario_Jakowski/CMakeFiles/CMakeTmp'
Building C object CMakeFiles/cmTC_1c948.dir/CheckSymbolExists.c.o
/usr/bin/cc     -o CMakeFiles/cmTC_1c948.dir/CheckSymbolExists.c.o   -c /home/tianyec/Documents/6.835/final_project/jank_mario/uMario_Jakowski/CMakeFiles/CMakeTmp/CheckSymbolExists.c
Linking C executable cmTC_1c948
/usr/bin/cmake -E cmake_link_script CMakeFiles/cmTC_1c948.dir/link.txt --verbose=1
/usr/bin/cc       CMakeFiles/cmTC_1c948.dir/CheckSymbolExists.c.o  -o cmTC_1c948 -rdynamic 
CMakeFiles/cmTC_1c948.dir/CheckSymbolExists.c.o: In function `main':
CheckSymbolExists.c:(.text+0x16): undefined reference to `pthread_create'
collect2: error: ld returned 1 exit status
CMakeFiles/cmTC_1c948.dir/build.make:97: recipe for target 'cmTC_1c948' failed
make[1]: *** [cmTC_1c948] Error 1
make[1]: Leaving directory '/home/tianyec/Documents/6.835/final_project/jank_mario/uMario_Jakowski/CMakeFiles/CMakeTmp'
Makefile:126: recipe for target 'cmTC_1c948/fast' failed
make: *** [cmTC_1c948/fast] Error 2

File /home/tianyec/Documents/6.835/final_project/jank_mario/uMario_Jakowski/CMakeFiles/CMakeTmp/CheckSymbolExists.c:
/* */
#include <pthread.h>

int main(int argc, char** argv)
{
  (void)argv;
#ifndef pthread_create
  return ((int*)(&pthread_create))[argc];
#else
  (void)argc;
  return 0;
#endif
}

Determining if the function pthread_create exists in the pthreads failed with the following output:
Change Dir: /home/tianyec/Documents/6.835/final_project/jank_mario/uMario_Jakowski/CMakeFiles/CMakeTmp

Run Build Command:"/usr/bin/make" "cmTC_9d42f/fast"
/usr/bin/make -f CMakeFiles/cmTC_9d42f.dir/build.make CMakeFiles/cmTC_9d42f.dir/build
make[1]: Entering directory '/home/tianyec/Documents/6.835/final_project/jank_mario/uMario_Jakowski/CMakeFiles/CMakeTmp'
Building C object CMakeFiles/cmTC_9d42f.dir/CheckFunctionExists.c.o
/usr/bin/cc    -DCHECK_FUNCTION_EXISTS=pthread_create   -o CMakeFiles/cmTC_9d42f.dir/CheckFunctionExists.c.o   -c /usr/share/cmake-3.5/Modules/CheckFunctionExists.c
Linking C executable cmTC_9d42f
/usr/bin/cmake -E cmake_link_script CMakeFiles/cmTC_9d42f.dir/link.txt --verbose=1
/usr/bin/cc   -DCHECK_FUNCTION_EXISTS=pthread_create    CMakeFiles/cmTC_9d42f.dir/CheckFunctionExists.c.o  -o cmTC_9d42f -rdynamic -lpthreads 
/usr/bin/ld: cannot find -lpthreads
collect2: error: ld returned 1 exit status
CMakeFiles/cmTC_9d42f.dir/build.make:97: recipe for target 'cmTC_9d42f' failed
make[1]: *** [cmTC_9d42f] Error 1
make[1]: Leaving directory '/home/tianyec/Documents/6.835/final_project/jank_mario/uMario_Jakowski/CMakeFiles/CMakeTmp'
Makefile:126: recipe for target 'cmTC_9d42f/fast' failed
make: *** [cmTC_9d42f/fast] Error 2


